[2025-11-07T18:55:02.926] [INFO] default - [viewController] query: {}
[2025-11-07T18:55:02.926] [INFO] default - [viewController] params: undefined
[2025-11-07T18:55:04.253] [INFO] default - [viewController] query: {}
[2025-11-07T18:55:04.253] [INFO] default - [viewController] params: undefined
[2025-11-07T18:58:53.136] [INFO] default - [viewController] query: {}
[2025-11-07T18:58:53.137] [INFO] default - [viewController] params: undefined
[2025-11-07T18:58:53.341] [INFO] default - [viewController] query: {}
[2025-11-07T18:58:53.341] [INFO] default - [viewController] params: undefined
[2025-11-07T18:58:57.896] [INFO] default - [viewController] query: {}
[2025-11-07T18:58:57.897] [INFO] default - [viewController] params: undefined
[2025-11-07T18:58:57.992] [INFO] default - [viewController] query: {}
[2025-11-07T18:58:57.993] [INFO] default - [viewController] params: undefined
[2025-11-07T18:59:12.207] [INFO] default - [viewController] query: {}
[2025-11-07T18:59:12.208] [INFO] default - [viewController] params: undefined
[2025-11-07T18:59:14.956] [INFO] default - [viewController] query: {}
[2025-11-07T18:59:14.957] [INFO] default - [viewController] params: undefined
[2025-11-07T18:59:15.038] [INFO] default - [viewController] query: {}
[2025-11-07T18:59:15.038] [INFO] default - [viewController] params: undefined
[2025-11-07T18:59:19.249] [INFO] default - [viewController] query: {}
[2025-11-07T18:59:19.249] [INFO] default - [viewController] params: undefined
[2025-11-07T18:59:22.084] [INFO] default - [viewController] query: {}
[2025-11-07T18:59:22.084] [INFO] default - [viewController] params: undefined
[2025-11-07T18:59:22.173] [INFO] default - [viewController] query: {}
[2025-11-07T18:59:22.173] [INFO] default - [viewController] params: undefined
[2025-11-07T18:59:25.127] [INFO] default - [viewController] query: {}
[2025-11-07T18:59:25.128] [INFO] default - [viewController] params: undefined
[2025-11-07T18:59:25.219] [INFO] default - [GET /api/project/model_list] signature: 0f3bae31bd26000b242477a81c43e534
[2025-11-07T18:59:25.220] [INFO] default - GET /api/project/model_list body:{}
[2025-11-07T18:59:25.220] [INFO] default - GET /api/project/model_list query:{}
[2025-11-07T18:59:25.220] [INFO] default - GET /api/project/model_list params:undefined
[2025-11-07T18:59:25.220] [INFO] default - GET /api/project/model_list headers:{"host":"localhost:8080","connection":"keep-alive","sec-ch-ua":"\"Chromium\";v=\"128\", \"Not;A=Brand\";v=\"24\", \"Google Chrome\";v=\"128\"","sec-ch-ua-mobile":"?0","user-agent":"Mozilla/5.0 (Windows NT 10.0; Win64; x64) AppleWebKit/537.36 (KHTML, like Gecko) Chrome/128.0.0.0 Safari/537.36","content-type":"application/json","accept":"application/json, text/plain, */*","s_sign":"0f3bae31bd26000b242477a81c43e534","s_t":"1762513165207","sec-ch-ua-platform":"\"Windows\"","sec-fetch-site":"same-origin","sec-fetch-mode":"cors","sec-fetch-dest":"empty","referer":"http://localhost:8080/view/project-list","accept-encoding":"gzip, deflate, br, zstd","accept-language":"zh-CN,zh;q=0.9"}
[2025-11-07T18:59:25.244] [INFO] default - [viewController] query: {}
[2025-11-07T18:59:25.244] [INFO] default - [viewController] params: undefined
[2025-11-07T18:59:26.888] [INFO] default - [viewController] query: {"proj_key":"jd","key":"product"}
[2025-11-07T18:59:26.888] [INFO] default - [viewController] params: undefined
[2025-11-07T18:59:26.982] [INFO] default - [GET /api/project/list] signature: 8dc6065f9c4765ea0aefa5ec765c9097
[2025-11-07T18:59:26.983] [INFO] default - GET /api/project/list body:{}
[2025-11-07T18:59:26.983] [INFO] default - GET /api/project/list query:{"proj_key":"jd"}
[2025-11-07T18:59:26.983] [INFO] default - GET /api/project/list params:undefined
[2025-11-07T18:59:26.983] [INFO] default - GET /api/project/list headers:{"host":"localhost:8080","connection":"keep-alive","sec-ch-ua":"\"Chromium\";v=\"128\", \"Not;A=Brand\";v=\"24\", \"Google Chrome\";v=\"128\"","sec-ch-ua-mobile":"?0","user-agent":"Mozilla/5.0 (Windows NT 10.0; Win64; x64) AppleWebKit/537.36 (KHTML, like Gecko) Chrome/128.0.0.0 Safari/537.36","content-type":"application/json","accept":"application/json, text/plain, */*","s_sign":"8dc6065f9c4765ea0aefa5ec765c9097","s_t":"1762513166978","sec-ch-ua-platform":"\"Windows\"","sec-fetch-site":"same-origin","sec-fetch-mode":"cors","sec-fetch-dest":"empty","referer":"http://localhost:8080/view/dashboard/schema?proj_key=jd&key=product","accept-encoding":"gzip, deflate, br, zstd","accept-language":"zh-CN,zh;q=0.9"}
[2025-11-07T18:59:26.999] [INFO] default - [GET /api/project] signature: d12e029aa4ced9018053db7915ac2806
[2025-11-07T18:59:27.000] [INFO] default - GET /api/project body:{}
[2025-11-07T18:59:27.000] [INFO] default - GET /api/project query:{"proj_key":"jd"}
[2025-11-07T18:59:27.000] [INFO] default - GET /api/project params:undefined
[2025-11-07T18:59:27.000] [INFO] default - GET /api/project headers:{"host":"localhost:8080","connection":"keep-alive","sec-ch-ua":"\"Chromium\";v=\"128\", \"Not;A=Brand\";v=\"24\", \"Google Chrome\";v=\"128\"","sec-ch-ua-mobile":"?0","user-agent":"Mozilla/5.0 (Windows NT 10.0; Win64; x64) AppleWebKit/537.36 (KHTML, like Gecko) Chrome/128.0.0.0 Safari/537.36","content-type":"application/json","accept":"application/json, text/plain, */*","s_sign":"d12e029aa4ced9018053db7915ac2806","s_t":"1762513166979","sec-ch-ua-platform":"\"Windows\"","sec-fetch-site":"same-origin","sec-fetch-mode":"cors","sec-fetch-dest":"empty","referer":"http://localhost:8080/view/dashboard/schema?proj_key=jd&key=product","accept-encoding":"gzip, deflate, br, zstd","accept-language":"zh-CN,zh;q=0.9"}
[2025-11-07T18:59:27.084] [INFO] default - [GET /api/proj/product_enum/list] signature: d40730cbd85f87664ee1546456314ba1
[2025-11-07T18:59:27.085] [INFO] default - GET /api/proj/product_enum/list body:{}
[2025-11-07T18:59:27.085] [INFO] default - GET /api/proj/product_enum/list query:{}
[2025-11-07T18:59:27.085] [INFO] default - GET /api/proj/product_enum/list params:undefined
[2025-11-07T18:59:27.085] [INFO] default - GET /api/proj/product_enum/list headers:{"host":"localhost:8080","connection":"keep-alive","sec-ch-ua":"\"Chromium\";v=\"128\", \"Not;A=Brand\";v=\"24\", \"Google Chrome\";v=\"128\"","proj_key":"jd","sec-ch-ua-mobile":"?0","user-agent":"Mozilla/5.0 (Windows NT 10.0; Win64; x64) AppleWebKit/537.36 (KHTML, like Gecko) Chrome/128.0.0.0 Safari/537.36","content-type":"application/json","accept":"application/json, text/plain, */*","s_sign":"d40730cbd85f87664ee1546456314ba1","s_t":"1762513167082","sec-ch-ua-platform":"\"Windows\"","sec-fetch-site":"same-origin","sec-fetch-mode":"cors","sec-fetch-dest":"empty","referer":"http://localhost:8080/view/dashboard/schema?proj_key=jd&key=product","accept-encoding":"gzip, deflate, br, zstd","accept-language":"zh-CN,zh;q=0.9"}
[2025-11-07T18:59:27.123] [INFO] default - [viewController] query: {}
[2025-11-07T18:59:27.123] [INFO] default - [viewController] params: undefined
[2025-11-07T18:59:28.119] [INFO] default - [GET /api/proj/product/list] signature: 45fac89fe2c7fd4ba0593cd3faafb8d0
[2025-11-07T18:59:28.119] [INFO] default - GET /api/proj/product/list body:{}
[2025-11-07T18:59:28.119] [INFO] default - GET /api/proj/product/list query:{"page":"1","size":"50"}
[2025-11-07T18:59:28.119] [INFO] default - GET /api/proj/product/list params:undefined
[2025-11-07T18:59:28.119] [INFO] default - GET /api/proj/product/list headers:{"host":"localhost:8080","connection":"keep-alive","sec-ch-ua":"\"Chromium\";v=\"128\", \"Not;A=Brand\";v=\"24\", \"Google Chrome\";v=\"128\"","proj_key":"jd","sec-ch-ua-mobile":"?0","user-agent":"Mozilla/5.0 (Windows NT 10.0; Win64; x64) AppleWebKit/537.36 (KHTML, like Gecko) Chrome/128.0.0.0 Safari/537.36","content-type":"application/json","accept":"application/json, text/plain, */*","s_sign":"45fac89fe2c7fd4ba0593cd3faafb8d0","s_t":"1762513168117","sec-ch-ua-platform":"\"Windows\"","sec-fetch-site":"same-origin","sec-fetch-mode":"cors","sec-fetch-dest":"empty","referer":"http://localhost:8080/view/dashboard/schema?proj_key=jd&key=product","accept-encoding":"gzip, deflate, br, zstd","accept-language":"zh-CN,zh;q=0.9"}
